2022-04-19 18:34:50.012 | INFO     | app:payment:42 - Amount 1.0, currency usd, desc qweqw , order_id 65
2022-04-19 18:34:57.044 | INFO     | app:payment:42 - Amount 1.0, currency eur, desc qweqw , order_id 57
2022-04-19 18:35:13.327 | INFO     | app:payment:42 - Amount 1.0, currency eur, desc qweqw , order_id 83
2022-04-19 18:35:21.583 | INFO     | app:payment:42 - Amount 1.0, currency eur, desc qweqw , order_id 92
2022-04-19 18:36:07.775 | INFO     | app:payment:42 - Amount 1.0, currency eur, desc qweqw , order_id 2
2022-04-19 18:36:46.351 | INFO     | app:payment:42 - Amount 1.0, currency eur, desc qweqw , order_id 76
2022-04-19 18:37:11.620 | INFO     | app:payment:42 - Amount 1.0, currency eur, desc qweqw , order_id 28
2022-04-19 18:37:51.659 | INFO     | app:payment:42 - Amount 1.0, currency eur, desc qweqw , order_id 9
2022-04-19 18:38:14.029 | INFO     | app:payment:42 - Amount 1.0, currency eur, desc qweqw , order_id 84
2022-04-19 18:38:17.686 | INFO     | app:payment:42 - Amount 1.0, currency eur, desc qweqw , order_id 56
2022-04-19 18:38:32.265 | INFO     | app:payment:42 - Amount 1.0, currency eur, desc qweqw , order_id 58
2022-04-19 18:39:09.455 | INFO     | app:payment:42 - Amount 1.0, currency eur, desc qweqw , order_id 62
2022-04-19 18:39:14.452 | INFO     | app:payment:42 - Amount 1.0, currency eur, desc qweqw , order_id 31
2022-04-19 18:39:34.026 | INFO     | app:payment:42 - Amount 1.0, currency eur, desc qweqw , order_id 5
2022-04-19 18:40:11.578 | INFO     | app:payment:42 - Amount 1.0, currency eur, desc qweqw , order_id 16
2022-04-19 18:40:37.902 | INFO     | app:payment:42 - Amount 1.0, currency eur, desc qweqw , order_id 39
2022-04-19 18:40:39.215 | INFO     | app:payment:42 - Amount 1.0, currency eur, desc qweqw , order_id 98
2022-04-19 18:41:08.101 | INFO     | app:payment:42 - Amount 1.0, currency eur, desc qweqw , order_id 37
2022-04-19 18:41:11.116 | INFO     | app:payment:42 - Amount 1.0, currency eur, desc qweqw , order_id 65
2022-04-19 18:41:16.152 | INFO     | app:payment:42 - Amount 1.0, currency eur, desc qweqw , order_id 9
2022-04-19 18:41:40.145 | INFO     | app:payment:42 - Amount 1.0, currency eur, desc qweqw , order_id 9
2022-04-19 18:41:46.005 | INFO     | app:payment:42 - Amount 1.0, currency eur, desc qweqw , order_id 85
2022-04-19 18:42:02.985 | INFO     | app:payment:42 - Amount 1.0, currency eur, desc qweqw , order_id 90
2022-04-19 18:42:10.804 | INFO     | app:payment:42 - Amount 1.0, currency eur, desc qweqw , order_id 20
2022-04-19 18:43:58.985 | INFO     | app:payment:42 - Amount 1.0, currency eur, desc qweqw , order_id 31
2022-04-19 18:44:03.525 | INFO     | app:payment:42 - Amount 1.0, currency eur, desc qweqw , order_id 42
2022-04-19 18:44:20.978 | INFO     | app:payment:42 - Amount 1.0, currency eur, desc qweqw , order_id 32
2022-04-19 18:44:25.827 | INFO     | app:payment:42 - Amount 1.0, currency eur, desc qweqw , order_id 62
2022-04-19 18:44:33.587 | INFO     | app:payment:42 - Amount 1.0, currency eur, desc qweqw , order_id 38
2022-04-19 18:44:52.055 | INFO     | app:payment:42 - Amount 1.0, currency eur, desc qweqw , order_id 77
2022-04-19 18:44:59.767 | INFO     | app:payment:42 - Amount 1.0, currency eur, desc qweqw , order_id 65
2022-04-19 18:45:06.282 | INFO     | app:payment:42 - Amount 1.0, currency eur, desc qweqw , order_id 5
2022-04-19 18:45:24.529 | INFO     | app:payment:42 - Amount 1.0, currency eur, desc qweqw , order_id 36
2022-04-19 18:45:55.553 | INFO     | app:payment:42 - Amount 1.0, currency eur, desc qweqw , order_id 35
2022-04-19 18:46:14.392 | INFO     | app:payment:42 - Amount 1.0, currency eur, desc qweqw , order_id 27
2022-04-19 18:46:59.622 | INFO     | app:payment:42 - Amount 1.0, currency eur, desc qweqw , order_id 64
2022-04-19 18:47:04.777 | INFO     | app:payment:42 - Amount 1.0, currency eur, desc qweqw , order_id 59
2022-04-19 18:47:52.078 | INFO     | app:payment:42 - Amount 1.0, currency eur, desc qweqw , order_id 61
2022-04-19 18:47:57.089 | INFO     | app:payment:42 - Amount 1.0, currency eur, desc qweqw , order_id 83
2022-04-19 18:48:20.014 | INFO     | app:payment:42 - Amount 1.0, currency eur, desc qweqw , order_id 83
2022-04-19 18:48:23.594 | INFO     | app:payment:42 - Amount 1.0, currency eur, desc qweqw , order_id 3
2022-04-19 18:55:14.281 | INFO     | app:payment:42 - Amount 1.0, currency usd, desc tesd , order_id 71
2022-04-19 18:55:22.471 | INFO     | app:payment:42 - Amount 1.0, currency eur, desc tesd , order_id 50
2022-04-19 18:56:40.968 | INFO     | app:payment:42 - Amount 1.0, currency usd, desc йцу , order_id 47
2022-04-19 18:56:48.449 | INFO     | app:payment:42 - Amount 1.0, currency eur, desc 1232 , order_id 22
2022-04-19 18:57:05.695 | INFO     | app:payment:42 - Amount 1.0, currency eur, desc 1232 , order_id 74
2022-04-19 18:57:10.081 | INFO     | app:payment:42 - Amount 1.0, currency eur, desc 1232 , order_id 21
2022-04-19 18:57:26.655 | INFO     | app:payment:42 - Amount 1.0, currency eur, desc 1232 , order_id 22
2022-04-19 18:57:30.487 | INFO     | app:payment:42 - Amount 1.0, currency eur, desc 1232 , order_id 26
2022-04-19 18:57:42.721 | INFO     | app:payment:42 - Amount 1.0, currency rub, desc 1232 , order_id 47
2022-04-19 19:06:47.984 | INFO     | app:payment:47 - Amount 1.0, currency usd, desc 12 , order_id 98
2022-04-19 19:09:31.980 | INFO     | app:payment:55 - Amount 1.0, currency usd, desc 12 , order_id 82
2022-04-19 19:21:40.695 | INFO     | app:payment:55 - Amount 1.0, currency usd, desc test , order_id 58
